<?xml version="1.0" encoding="UTF-8"?>
<!-- Generated by org.testng.reporters.JUnitXMLReporter -->
<testsuite hostname="DESKTOP-CFDBD86" ignored="21" name="CromeTest" tests="2" failures="1" timestamp="06 Sep 2019 07:42:09 GMT" time="136.969" errors="0">
  <testcase name="sanityTest" time="57.996" classname="tests.SanityTest"/>
  <testcase name="facebookIntegrationTest" time="61.781" classname="tests.integrationTests">
    <failure type="java.lang.AssertionError" message="Error: Facebook site did not open expected [true] but found [false]">
      <![CDATA[java.lang.AssertionError: Error: Facebook site did not open expected [true] but found [false]
at tests.integrationTests.facebookIntegrationTest(integrationTests.java:235)
at java.util.concurrent.FutureTask.run(Unknown Source)
at java.util.concurrent.ThreadPoolExecutor.runWorker(Unknown Source)
at java.util.concurrent.ThreadPoolExecutor$Worker.run(Unknown Source)
at java.lang.Thread.run(Unknown Source)
... Removed 19 stack frames]]>
    </failure>
  </testcase> <!-- facebookIntegrationTest -->
  <testcase name="skipFillingAQuestion" time="0.0" classname="tests.ErrorHTests">
    <ignored/>
  </testcase> <!-- skipFillingAQuestion -->
  <testcase name="overMaxCharsQ" time="0.0" classname="tests.ErrorHTests">
    <ignored/>
  </testcase> <!-- overMaxCharsQ -->
  <testcase name="lastQback42Q" time="0.0" classname="tests.ErrorHTests">
    <ignored/>
  </testcase> <!-- lastQback42Q -->
  <testcase name="selectAnswer44EachQ" time="0.0" classname="tests.FuncTests">
    <ignored/>
  </testcase> <!-- selectAnswer44EachQ -->
  <testcase name="addQmarkAutomaticlly" time="0.0" classname="tests.FuncTests">
    <ignored/>
  </testcase> <!-- addQmarkAutomaticlly -->
  <testcase name="tryAgain" time="0.0" classname="tests.FuncTests">
    <ignored/>
  </testcase> <!-- tryAgain -->
  <testcase name="changeAnswerInSetup" time="0.0" classname="tests.ErrorHTests">
    <ignored/>
  </testcase> <!-- changeAnswerInSetup -->
  <testcase name="selectAnswerVar4EachQ" time="0.0" classname="tests.FuncTests">
    <ignored/>
  </testcase> <!-- selectAnswerVar4EachQ -->
  <testcase name="back2PrevQ" time="0.0" classname="tests.FuncTests">
    <ignored/>
  </testcase> <!-- back2PrevQ -->
  <testcase name="randomQ" time="0.0" classname="tests.ErrorHTests">
    <ignored/>
  </testcase> <!-- randomQ -->
  <testcase name="overMaxCharA" time="0.0" classname="tests.ErrorHTests">
    <ignored/>
  </testcase> <!-- overMaxCharA -->
  <testcase name="selectAnswer24EachQ" time="0.0" classname="tests.FuncTests">
    <ignored/>
  </testcase> <!-- selectAnswer24EachQ -->
  <testcase name="QinAnotherLang" time="0.0" classname="tests.ErrorHTests">
    <ignored/>
  </testcase> <!-- QinAnotherLang -->
  <testcase name="quitAfterSetup" time="0.0" classname="tests.FuncTests">
    <ignored/>
  </testcase> <!-- quitAfterSetup -->
  <testcase name="numberAsAnswer" time="0.0" classname="tests.ErrorHTests">
    <ignored/>
  </testcase> <!-- numberAsAnswer -->
  <testcase name="answerNotChecked" time="0.0" classname="tests.ErrorHTests">
    <ignored/>
  </testcase> <!-- answerNotChecked -->
  <testcase name="failedGame" time="0.0" classname="tests.ErrorHTests">
    <ignored/>
  </testcase> <!-- failedGame -->
  <testcase name="continueWithoutAnswer" time="0.0" classname="tests.ErrorHTests">
    <ignored/>
  </testcase> <!-- continueWithoutAnswer -->
  <testcase name="selectAnswer34EachQ" time="0.0" classname="tests.FuncTests">
    <ignored/>
  </testcase> <!-- selectAnswer34EachQ -->
  <testcase name="quitGame" time="0.0" classname="tests.FuncTests">
    <ignored/>
  </testcase> <!-- quitGame -->
  <testcase name="answersAfterLastQBack" time="0.0" classname="tests.ErrorHTests">
    <ignored/>
  </testcase> <!-- answersAfterLastQBack -->
</testsuite> <!-- CromeTest -->
