<?xml version="1.0" encoding="UTF-8"?>
<!-- Generated by org.testng.reporters.JUnitXMLReporter -->
<testsuite hostname="DESKTOP-CFDBD86" ignored="9" name="CromeTest" tests="2" failures="1" timestamp="28 Aug 2019 14:43:57 GMT" time="193.735" errors="0">
  <testcase name="sanityTest" time="57.149" classname="tests.SanityTest"/>
  <testcase name="randomQ" time="126.144" classname="tests.ErrorHTests">
    <failure type="java.lang.AssertionError" message="Questions are not random expected [true] but found [false]">
      <![CDATA[java.lang.AssertionError: Questions are not random expected [true] but found [false]
at tests.ErrorHTests.randomQ(ErrorHTests.java:831)
at java.util.concurrent.FutureTask.run(Unknown Source)
at java.util.concurrent.ThreadPoolExecutor.runWorker(Unknown Source)
at java.util.concurrent.ThreadPoolExecutor$Worker.run(Unknown Source)
at java.lang.Thread.run(Unknown Source)
... Removed 19 stack frames]]>
    </failure>
  </testcase> <!-- randomQ -->
  <testcase name="selectAnswer24EachQ" time="0.0" classname="tests.FuncTests">
    <ignored/>
  </testcase> <!-- selectAnswer24EachQ -->
  <testcase name="selectAnswer44EachQ" time="0.0" classname="tests.FuncTests">
    <ignored/>
  </testcase> <!-- selectAnswer44EachQ -->
  <testcase name="quitAfterSetup" time="0.0" classname="tests.FuncTests">
    <ignored/>
  </testcase> <!-- quitAfterSetup -->
  <testcase name="addQmarkAutomaticlly" time="0.0" classname="tests.FuncTests">
    <ignored/>
  </testcase> <!-- addQmarkAutomaticlly -->
  <testcase name="tryAgain" time="0.0" classname="tests.FuncTests">
    <ignored/>
  </testcase> <!-- tryAgain -->
  <testcase name="selectAnswerVar4EachQ" time="0.0" classname="tests.FuncTests">
    <ignored/>
  </testcase> <!-- selectAnswerVar4EachQ -->
  <testcase name="selectAnswer34EachQ" time="0.0" classname="tests.FuncTests">
    <ignored/>
  </testcase> <!-- selectAnswer34EachQ -->
  <testcase name="back2PrevQ" time="0.0" classname="tests.FuncTests">
    <ignored/>
  </testcase> <!-- back2PrevQ -->
  <testcase name="quitGame" time="0.0" classname="tests.FuncTests">
    <ignored/>
  </testcase> <!-- quitGame -->
</testsuite> <!-- CromeTest -->
