<!DOCTYPE html PUBLIC "-//W3C//DTD XHTML 1.1//EN" "http://www.w3.org/TR/xhtml11/DTD/xhtml11.dtd">
<html xmlns="http://www.w3.org/1999/xhtml">
<head>
<meta http-equiv="content-type" content="text/html; charset=UTF-8"/>
<title>TestNG Report</title>
<style type="text/css">table {margin-bottom:10px;border-collapse:collapse;empty-cells:show}th,td {border:1px solid #009;padding:.25em .5em}th {vertical-align:bottom}td {vertical-align:top}table a {font-weight:bold}.stripe td {background-color: #E6EBF9}.num {text-align:right}.passedodd td {background-color: #3F3}.passedeven td {background-color: #0A0}.skippedodd td {background-color: #DDD}.skippedeven td {background-color: #CCC}.failedodd td,.attn {background-color: #F33}.failedeven td,.stripe .attn {background-color: #D00}.stacktrace {white-space:pre;font-family:monospace}.totop {font-size:85%;text-align:center;border-bottom:2px solid #000}.invisible {display:none}</style>
</head>
<body>
<table>
<tr><th>Test</th><th># Passed</th><th># Skipped</th><th># Failed</th><th>Time (ms)</th><th>Included Groups</th><th>Excluded Groups</th></tr>
<tr><th colspan="7">Suite</th></tr>
<tr><td><a href="#t0">CromeTest</a></td><td class="num">4</td><td class="num">0</td><td class="num attn">6</td><td class="num">324,184</td><td>error-handling, eh, sanity</td><td></td></tr>
<tr class="stripe"><td><a href="#t1">FirefoxTest</a></td><td class="num">4</td><td class="num">0</td><td class="num attn">6</td><td class="num">369,123</td><td>error-handling, eh, sanity</td><td></td></tr>
<tr><th>Total</th><th class="num">8</th><th class="num">0</th><th class="num attn">12</th><th class="num">693,307</th><th colspan="2"></th></tr>
</table>
<table id='summary'><thead><tr><th>Class</th><th>Method</th><th>Start</th><th>Time (ms)</th></tr></thead><tbody><tr><th colspan="4">Suite</th></tr></tbody><tbody id="t0"><tr><th colspan="4">CromeTest &#8212; failed</th></tr><tr class="failedeven"><td rowspan="6">tests.ErrorHTests</td><td><a href="#m0">QinAnotherLang</a></td><td rowspan="1">1566484066147</td><td rowspan="1">17746</td></tr><tr class="failedeven"><td><a href="#m1">answersAfterLastQBack</a></td><td rowspan="1">1566484107817</td><td rowspan="1">39835</td></tr><tr class="failedeven"><td><a href="#m2">lastQback42Q</a></td><td rowspan="1">1566484180752</td><td rowspan="1">41726</td></tr><tr class="failedeven"><td><a href="#m3">numberAsAnswer</a></td><td rowspan="1">1566484227355</td><td rowspan="1">25140</td></tr><tr class="failedeven"><td><a href="#m4">overMaxCharsQ</a></td><td rowspan="1">1566484257419</td><td rowspan="1">7868</td></tr><tr class="failedeven"><td><a href="#m5">skipFillingAQuestion</a></td><td rowspan="1">1566484294044</td><td rowspan="1">26493</td></tr><tr><th colspan="4">CromeTest &#8212; passed</th></tr><tr class="passedeven"><td rowspan="3">tests.ErrorHTests</td><td><a href="#m6">answerNotChecked</a></td><td rowspan="1">1566484088700</td><td rowspan="1">14290</td></tr><tr class="passedeven"><td><a href="#m7">changeAnswerInSetup</a></td><td rowspan="1">1566484152538</td><td rowspan="1">23418</td></tr><tr class="passedeven"><td><a href="#m8">overMzxCharA</a></td><td rowspan="1">1566484270097</td><td rowspan="1">19052</td></tr><tr class="passedodd"><td rowspan="1">tests.SanityTest</td><td><a href="#m9">sanityTest</a></td><td rowspan="1">1566484003064</td><td rowspan="1">58182</td></tr></tbody>
<tbody id="t1"><tr><th colspan="4">FirefoxTest &#8212; failed</th></tr><tr class="failedeven"><td rowspan="6">tests.ErrorHTests</td><td><a href="#m10">QinAnotherLang</a></td><td rowspan="1">1566484075572</td><td rowspan="1">17403</td></tr><tr class="failedeven"><td><a href="#m11">answersAfterLastQBack</a></td><td rowspan="1">1566484122718</td><td rowspan="1">45514</td></tr><tr class="failedeven"><td><a href="#m12">lastQback42Q</a></td><td rowspan="1">1566484207857</td><td rowspan="1">44934</td></tr><tr class="failedeven"><td><a href="#m13">numberAsAnswer</a></td><td rowspan="1">1566484259882</td><td rowspan="1">27800</td></tr><tr class="failedeven"><td><a href="#m14">overMaxCharsQ</a></td><td rowspan="1">1566484295381</td><td rowspan="1">8332</td></tr><tr class="failedeven"><td><a href="#m15">skipFillingAQuestion</a></td><td rowspan="1">1566484336645</td><td rowspan="1">28145</td></tr><tr><th colspan="4">FirefoxTest &#8212; passed</th></tr><tr class="passedeven"><td rowspan="3">tests.ErrorHTests</td><td><a href="#m16">answerNotChecked</a></td><td rowspan="1">1566484100079</td><td rowspan="1">15635</td></tr><tr class="passedeven"><td><a href="#m17">changeAnswerInSetup</a></td><td rowspan="1">1566484175087</td><td rowspan="1">25705</td></tr><tr class="passedeven"><td><a href="#m18">overMzxCharA</a></td><td rowspan="1">1566484310818</td><td rowspan="1">18665</td></tr><tr class="passedodd"><td rowspan="1">tests.SanityTest</td><td><a href="#m19">sanityTest</a></td><td rowspan="1">1566484005917</td><td rowspan="1">62860</td></tr></tbody>
</table>
<h2>CromeTest</h2><h3 id="m0">tests.ErrorHTests#QinAnotherLang</h3><table class="result"><tr><th>Messages</th></tr><tr><td><div class="messages">input question in another language at setup<br/>Start game!!<br/>text expected: Please type here your question<br/>text expected:  question number: 1<br/>enter question 1 with א<br/>Enter first question<br/>alert was not present -- Timeout</div></td></tr><tr><th>Exception</th></tr><tr><td><div class="stacktrace">java.lang.AssertionError: Error message didn&apos;t show - no error message when question is not in english expected [true] but found [false]
	at tests.ErrorHTests.QinAnotherLang(ErrorHTests.java:350)
	at java.util.concurrent.FutureTask.run(Unknown Source)
	at java.util.concurrent.ThreadPoolExecutor.runWorker(Unknown Source)
	at java.util.concurrent.ThreadPoolExecutor$Worker.run(Unknown Source)
	at java.lang.Thread.run(Unknown Source)
... Removed 19 stack frames</div></td></tr></table><p class="totop"><a href="#summary">back to summary</a></p>
<h3 id="m1">tests.ErrorHTests#answersAfterLastQBack</h3><table class="result"><tr><th>Messages</th></tr><tr><td><div class="messages">Check answers of last question after back button press<br/>Start game!!<br/>text expected: Please type here your question<br/>text expected:  question number: 1<br/>enter question 1 with A<br/>Enter first question<br/>text expected: Please enter 4 possible answers and Mark the right one! <br/>text expected:  question number: 1<br/>text expected: Please type here your question<br/>text expected:  question number: 2<br/>enter question 2 with B<br/>Enter first question<br/>text expected: Please enter 4 possible answers and Mark the right one! <br/>text expected:  question number: 2<br/>text expected: Please type here your question<br/>text expected:  question number: 3<br/>enter question 3 with C<br/>Enter first question<br/>text expected: Please enter 4 possible answers and Mark the right one! <br/>text expected:  question number: 3<br/>text expected: Please type here your question<br/>text expected:  question number: 2<br/>text expected: Please enter 4 possible answers and Mark the right one! <br/>text expected:  question number: 3</div></td></tr><tr><th>Exception</th></tr><tr><td><div class="stacktrace">java.lang.AssertionError: The following asserts failed:
	This is not question 2 screen expected [true] but found [false]
	at tests.ErrorHTests.answersAfterLastQBack(ErrorHTests.java:741)
	at java.util.concurrent.FutureTask.run(Unknown Source)
	at java.util.concurrent.ThreadPoolExecutor.runWorker(Unknown Source)
	at java.util.concurrent.ThreadPoolExecutor$Worker.run(Unknown Source)
	at java.lang.Thread.run(Unknown Source)
... Removed 17 stack frames</div></td></tr></table><p class="totop"><a href="#summary">back to summary</a></p>
<h3 id="m2">tests.ErrorHTests#lastQback42Q</h3><table class="result"><tr><th>Messages</th></tr><tr><td><div class="messages">Go back from final question to previous question<br/>Start game!!<br/>text expected: Please type here your question<br/>text expected:  question number: 1<br/>enter question 1 with A<br/>Enter first question<br/>text expected: Please enter 4 possible answers and Mark the right one! <br/>text expected:  question number: 1<br/>text expected: Please type here your question<br/>text expected:  question number: 2<br/>enter question 2 with B<br/>Enter first question<br/>text expected: Please enter 4 possible answers and Mark the right one! <br/>text expected:  question number: 2<br/>text expected: Please type here your question<br/>text expected:  question number: 3<br/>enter question 3 with C<br/>Enter first question<br/>text expected: Please enter 4 possible answers and Mark the right one! <br/>text expected:  question number: 3<br/>text expected: Please type here your question<br/>text expected:  question number: 2<br/>text expected: Please type here your question<br/>text expected:  question number: 2</div></td></tr><tr><th>Exception</th></tr><tr><td><div class="stacktrace">java.lang.AssertionError: The following asserts failed:
	This is not question 2 screen expected [true] but found [false],
	This is not question 2 screen expected [true] but found [false]
	at tests.ErrorHTests.lastQback42Q(ErrorHTests.java:577)
	at java.util.concurrent.FutureTask.run(Unknown Source)
	at java.util.concurrent.ThreadPoolExecutor.runWorker(Unknown Source)
	at java.util.concurrent.ThreadPoolExecutor$Worker.run(Unknown Source)
	at java.lang.Thread.run(Unknown Source)
... Removed 17 stack frames</div></td></tr></table><p class="totop"><a href="#summary">back to summary</a></p>
<h3 id="m3">tests.ErrorHTests#numberAsAnswer</h3><table class="result"><tr><th>Messages</th></tr><tr><td><div class="messages">number as an answer in setup<br/>Start game!!<br/>text expected: Please type here your question<br/>text expected:  question number: 1<br/>enter question 1 with A<br/>Enter first question<br/>text expected: Please enter 4 possible answers and Mark the right one! <br/>text expected:  question number: 1<br/>fill answer as 1<br/>alert was not present -- Timeout</div></td></tr><tr><th>Exception</th></tr><tr><td><div class="stacktrace">java.lang.AssertionError: Error message didn&apos;t show - no error message when answer is not in characters alone expected [true] but found [false]
	at tests.ErrorHTests.numberAsAnswer(ErrorHTests.java:174)
	at java.util.concurrent.FutureTask.run(Unknown Source)
	at java.util.concurrent.ThreadPoolExecutor.runWorker(Unknown Source)
	at java.util.concurrent.ThreadPoolExecutor$Worker.run(Unknown Source)
	at java.lang.Thread.run(Unknown Source)
... Removed 19 stack frames</div></td></tr></table><p class="totop"><a href="#summary">back to summary</a></p>
<h3 id="m4">tests.ErrorHTests#overMaxCharsQ</h3><table class="result"><tr><th>Messages</th></tr><tr><td><div class="messages">Over max characters in a question<br/>Start game!!<br/>text expected: Please type here your question<br/>text expected:  question number: 1<br/>entered question: AAAAAAAAAAAAAAAAAAAAAAAAAAAAAAAAAAAAAAAAAAAAAAAAAAA<br/>enter question 1 with A<br/>Enter first question</div></td></tr><tr><th>Exception</th></tr><tr><td><div class="stacktrace">java.lang.AssertionError: Error message didn&apos;t show - no error message when max characters in question is over 50 expected [true] but found [false]
	at tests.ErrorHTests.overMaxCharsQ(ErrorHTests.java:105)
	at java.util.concurrent.FutureTask.run(Unknown Source)
	at java.util.concurrent.ThreadPoolExecutor.runWorker(Unknown Source)
	at java.util.concurrent.ThreadPoolExecutor$Worker.run(Unknown Source)
	at java.lang.Thread.run(Unknown Source)
... Removed 19 stack frames</div></td></tr></table><p class="totop"><a href="#summary">back to summary</a></p>
<h3 id="m5">tests.ErrorHTests#skipFillingAQuestion</h3><table class="result"><tr><th>Messages</th></tr><tr><td><div class="messages">Skip filling a question<br/>Start game!!<br/>text expected: Please type here your question<br/>text expected:  question number: 1<br/>enter question 1 with A<br/>Enter first question<br/>text expected: Please enter 4 possible answers and Mark the right one! <br/>text expected:  question number: 1<br/>text expected: Please type here your question<br/>text expected:  question number: 2<br/>alert was not present -- Timeout</div></td></tr><tr><th>Exception</th></tr><tr><td><div class="stacktrace">java.lang.AssertionError: Error message didn&apos;t show - A question wasn&apos;t inserted expected [true] but found [false]
	at tests.ErrorHTests.skipFillingAQuestion(ErrorHTests.java:319)
	at java.util.concurrent.FutureTask.run(Unknown Source)
	at java.util.concurrent.ThreadPoolExecutor.runWorker(Unknown Source)
	at java.util.concurrent.ThreadPoolExecutor$Worker.run(Unknown Source)
	at java.lang.Thread.run(Unknown Source)
... Removed 19 stack frames</div></td></tr></table><p class="totop"><a href="#summary">back to summary</a></p>
<h3 id="m6">tests.ErrorHTests#answerNotChecked</h3><table class="result"><tr><th>Messages</th></tr><tr><td><div class="messages">Answer at setup is not checked<br/>Start game!!<br/>text expected: Please type here your question<br/>text expected:  question number: 1<br/>enter question 1 with A<br/>Enter first question<br/>text expected: Please enter 4 possible answers and Mark the right one! <br/>text expected:  question number: 1<br/>alert was present</div></td></tr></table><p class="totop"><a href="#summary">back to summary</a></p>
<h3 id="m7">tests.ErrorHTests#changeAnswerInSetup</h3><table class="result"><tr><th>Messages</th></tr><tr><td><div class="messages">Change selection of answer in setup stage<br/>Start game!!<br/>text expected: Please type here your question<br/>text expected:  question number: 1<br/>enter question 1 with A<br/>Enter first question<br/>text expected: Please enter 4 possible answers and Mark the right one! <br/>text expected:  question number: 1<br/>text expected: Please type here your question<br/>text expected:  question number: 2</div></td></tr></table><p class="totop"><a href="#summary">back to summary</a></p>
<h3 id="m8">tests.ErrorHTests#overMzxCharA</h3><table class="result"><tr><th>Messages</th></tr><tr><td><div class="messages">Input more than 30 characters in an answer<br/>Start game!!<br/>text expected: Please type here your question<br/>text expected:  question number: 1<br/>enter question 1 with A<br/>Enter first question<br/>text expected: Please enter 4 possible answers and Mark the right one! <br/>text expected:  question number: 1<br/>alert was present</div></td></tr></table><p class="totop"><a href="#summary">back to summary</a></p>
<h3 id="m9">tests.SanityTest#sanityTest</h3><table class="result"><tr><th>Messages</th></tr><tr><td><div class="messages">Start game!!<br/>text expected: Please type here your question<br/>text expected:  question number: 1<br/>enter question 1 with A<br/>Enter first question<br/>text expected: Please enter 4 possible answers and Mark the right one! <br/>text expected:  question number: 1<br/>text expected: Please type here your question<br/>text expected:  question number: 2<br/>enter question 2 with B<br/>Enter first question<br/>text expected: Please enter 4 possible answers and Mark the right one! <br/>text expected:  question number: 2<br/>text expected: Please type here your question<br/>text expected:  question number: 3<br/>enter question 3 with C<br/>Enter first question<br/>text expected: Please enter 4 possible answers and Mark the right one! <br/>text expected:  question number: 3<br/>text expected: You finished to build the test - lets play!!<br/>Let us play!!<br/>text expected: Test<br/>Answer checked on line: 1<br/>text expected: Test<br/>Answer checked on line: 1<br/>text expected: Test<br/>Answer checked on line: 1<br/>text expected: Try again<br/>Sanity test finished!!</div></td></tr></table><p class="totop"><a href="#summary">back to summary</a></p>
<h2>FirefoxTest</h2><h3 id="m10">tests.ErrorHTests#QinAnotherLang</h3><table class="result"><tr><th>Messages</th></tr><tr><td><div class="messages">input question in another language at setup<br/>Start game!!<br/>text expected: Please type here your question<br/>text expected:  question number: 1<br/>enter question 1 with א<br/>Enter first question<br/>alert was not present -- Timeout</div></td></tr><tr><th>Exception</th></tr><tr><td><div class="stacktrace">java.lang.AssertionError: Error message didn&apos;t show - no error message when question is not in english expected [true] but found [false]
	at tests.ErrorHTests.QinAnotherLang(ErrorHTests.java:350)
	at java.util.concurrent.FutureTask.run(Unknown Source)
	at java.util.concurrent.ThreadPoolExecutor.runWorker(Unknown Source)
	at java.util.concurrent.ThreadPoolExecutor$Worker.run(Unknown Source)
	at java.lang.Thread.run(Unknown Source)
... Removed 19 stack frames</div></td></tr></table><p class="totop"><a href="#summary">back to summary</a></p>
<h3 id="m11">tests.ErrorHTests#answersAfterLastQBack</h3><table class="result"><tr><th>Messages</th></tr><tr><td><div class="messages">Check answers of last question after back button press<br/>Start game!!<br/>text expected: Please type here your question<br/>text expected:  question number: 1<br/>enter question 1 with A<br/>Enter first question<br/>text expected: Please enter 4 possible answers and Mark the right one! <br/>text expected:  question number: 1<br/>text expected: Please type here your question<br/>text expected:  question number: 2<br/>enter question 2 with B<br/>Enter first question<br/>text expected: Please enter 4 possible answers and Mark the right one! <br/>text expected:  question number: 2<br/>text expected: Please type here your question<br/>text expected:  question number: 3<br/>enter question 3 with C<br/>Enter first question<br/>text expected: Please enter 4 possible answers and Mark the right one! <br/>text expected:  question number: 3<br/>text expected: Please type here your question<br/>text expected:  question number: 2<br/>text expected: Please enter 4 possible answers and Mark the right one! <br/>text expected:  question number: 3</div></td></tr><tr><th>Exception</th></tr><tr><td><div class="stacktrace">java.lang.AssertionError: The following asserts failed:
	This is not question 2 screen expected [true] but found [false]
	at tests.ErrorHTests.answersAfterLastQBack(ErrorHTests.java:741)
	at java.util.concurrent.FutureTask.run(Unknown Source)
	at java.util.concurrent.ThreadPoolExecutor.runWorker(Unknown Source)
	at java.util.concurrent.ThreadPoolExecutor$Worker.run(Unknown Source)
	at java.lang.Thread.run(Unknown Source)
... Removed 17 stack frames</div></td></tr></table><p class="totop"><a href="#summary">back to summary</a></p>
<h3 id="m12">tests.ErrorHTests#lastQback42Q</h3><table class="result"><tr><th>Messages</th></tr><tr><td><div class="messages">Go back from final question to previous question<br/>Start game!!<br/>text expected: Please type here your question<br/>text expected:  question number: 1<br/>enter question 1 with A<br/>Enter first question<br/>text expected: Please enter 4 possible answers and Mark the right one! <br/>text expected:  question number: 1<br/>text expected: Please type here your question<br/>text expected:  question number: 2<br/>enter question 2 with B<br/>Enter first question<br/>text expected: Please enter 4 possible answers and Mark the right one! <br/>text expected:  question number: 2<br/>text expected: Please type here your question<br/>text expected:  question number: 3<br/>enter question 3 with C<br/>Enter first question<br/>text expected: Please enter 4 possible answers and Mark the right one! <br/>text expected:  question number: 3<br/>text expected: Please type here your question<br/>text expected:  question number: 2<br/>text expected: Please type here your question<br/>text expected:  question number: 2</div></td></tr><tr><th>Exception</th></tr><tr><td><div class="stacktrace">java.lang.AssertionError: The following asserts failed:
	This is not question 2 screen expected [true] but found [false],
	This is not question 2 screen expected [true] but found [false]
	at tests.ErrorHTests.lastQback42Q(ErrorHTests.java:577)
	at java.util.concurrent.FutureTask.run(Unknown Source)
	at java.util.concurrent.ThreadPoolExecutor.runWorker(Unknown Source)
	at java.util.concurrent.ThreadPoolExecutor$Worker.run(Unknown Source)
	at java.lang.Thread.run(Unknown Source)
... Removed 17 stack frames</div></td></tr></table><p class="totop"><a href="#summary">back to summary</a></p>
<h3 id="m13">tests.ErrorHTests#numberAsAnswer</h3><table class="result"><tr><th>Messages</th></tr><tr><td><div class="messages">number as an answer in setup<br/>Start game!!<br/>text expected: Please type here your question<br/>text expected:  question number: 1<br/>enter question 1 with A<br/>Enter first question<br/>text expected: Please enter 4 possible answers and Mark the right one! <br/>text expected:  question number: 1<br/>fill answer as 1<br/>alert was not present -- Timeout</div></td></tr><tr><th>Exception</th></tr><tr><td><div class="stacktrace">java.lang.AssertionError: Error message didn&apos;t show - no error message when answer is not in characters alone expected [true] but found [false]
	at tests.ErrorHTests.numberAsAnswer(ErrorHTests.java:174)
	at java.util.concurrent.FutureTask.run(Unknown Source)
	at java.util.concurrent.ThreadPoolExecutor.runWorker(Unknown Source)
	at java.util.concurrent.ThreadPoolExecutor$Worker.run(Unknown Source)
	at java.lang.Thread.run(Unknown Source)
... Removed 19 stack frames</div></td></tr></table><p class="totop"><a href="#summary">back to summary</a></p>
<h3 id="m14">tests.ErrorHTests#overMaxCharsQ</h3><table class="result"><tr><th>Messages</th></tr><tr><td><div class="messages">Over max characters in a question<br/>Start game!!<br/>text expected: Please type here your question<br/>text expected:  question number: 1<br/>entered question: AAAAAAAAAAAAAAAAAAAAAAAAAAAAAAAAAAAAAAAAAAAAAAAAAAA<br/>enter question 1 with A<br/>Enter first question</div></td></tr><tr><th>Exception</th></tr><tr><td><div class="stacktrace">java.lang.AssertionError: Error message didn&apos;t show - no error message when max characters in question is over 50 expected [true] but found [false]
	at tests.ErrorHTests.overMaxCharsQ(ErrorHTests.java:105)
	at java.util.concurrent.FutureTask.run(Unknown Source)
	at java.util.concurrent.ThreadPoolExecutor.runWorker(Unknown Source)
	at java.util.concurrent.ThreadPoolExecutor$Worker.run(Unknown Source)
	at java.lang.Thread.run(Unknown Source)
... Removed 19 stack frames</div></td></tr></table><p class="totop"><a href="#summary">back to summary</a></p>
<h3 id="m15">tests.ErrorHTests#skipFillingAQuestion</h3><table class="result"><tr><th>Messages</th></tr><tr><td><div class="messages">Skip filling a question<br/>Start game!!<br/>text expected: Please type here your question<br/>text expected:  question number: 1<br/>enter question 1 with A<br/>Enter first question<br/>text expected: Please enter 4 possible answers and Mark the right one! <br/>text expected:  question number: 1<br/>text expected: Please type here your question<br/>text expected:  question number: 2<br/>alert was not present -- Timeout</div></td></tr><tr><th>Exception</th></tr><tr><td><div class="stacktrace">java.lang.AssertionError: Error message didn&apos;t show - A question wasn&apos;t inserted expected [true] but found [false]
	at tests.ErrorHTests.skipFillingAQuestion(ErrorHTests.java:319)
	at java.util.concurrent.FutureTask.run(Unknown Source)
	at java.util.concurrent.ThreadPoolExecutor.runWorker(Unknown Source)
	at java.util.concurrent.ThreadPoolExecutor$Worker.run(Unknown Source)
	at java.lang.Thread.run(Unknown Source)
... Removed 19 stack frames</div></td></tr></table><p class="totop"><a href="#summary">back to summary</a></p>
<h3 id="m16">tests.ErrorHTests#answerNotChecked</h3><table class="result"><tr><th>Messages</th></tr><tr><td><div class="messages">Answer at setup is not checked<br/>Start game!!<br/>text expected: Please type here your question<br/>text expected:  question number: 1<br/>enter question 1 with A<br/>Enter first question<br/>text expected: Please enter 4 possible answers and Mark the right one! <br/>text expected:  question number: 1<br/>alert was present</div></td></tr></table><p class="totop"><a href="#summary">back to summary</a></p>
<h3 id="m17">tests.ErrorHTests#changeAnswerInSetup</h3><table class="result"><tr><th>Messages</th></tr><tr><td><div class="messages">Change selection of answer in setup stage<br/>Start game!!<br/>text expected: Please type here your question<br/>text expected:  question number: 1<br/>enter question 1 with A<br/>Enter first question<br/>text expected: Please enter 4 possible answers and Mark the right one! <br/>text expected:  question number: 1<br/>text expected: Please type here your question<br/>text expected:  question number: 2</div></td></tr></table><p class="totop"><a href="#summary">back to summary</a></p>
<h3 id="m18">tests.ErrorHTests#overMzxCharA</h3><table class="result"><tr><th>Messages</th></tr><tr><td><div class="messages">Input more than 30 characters in an answer<br/>Start game!!<br/>text expected: Please type here your question<br/>text expected:  question number: 1<br/>enter question 1 with A<br/>Enter first question<br/>text expected: Please enter 4 possible answers and Mark the right one! <br/>text expected:  question number: 1<br/>alert was present</div></td></tr></table><p class="totop"><a href="#summary">back to summary</a></p>
<h3 id="m19">tests.SanityTest#sanityTest</h3><table class="result"><tr><th>Messages</th></tr><tr><td><div class="messages">Start game!!<br/>text expected: Please type here your question<br/>text expected:  question number: 1<br/>enter question 1 with A<br/>Enter first question<br/>text expected: Please enter 4 possible answers and Mark the right one! <br/>text expected:  question number: 1<br/>text expected: Please type here your question<br/>text expected:  question number: 2<br/>enter question 2 with B<br/>Enter first question<br/>text expected: Please enter 4 possible answers and Mark the right one! <br/>text expected:  question number: 2<br/>text expected: Please type here your question<br/>text expected:  question number: 3<br/>enter question 3 with C<br/>Enter first question<br/>text expected: Please enter 4 possible answers and Mark the right one! <br/>text expected:  question number: 3<br/>text expected: You finished to build the test - lets play!!<br/>Let us play!!<br/>text expected: Test<br/>Answer checked on line: 1<br/>text expected: Test<br/>Answer checked on line: 1<br/>text expected: Test<br/>Answer checked on line: 1<br/>text expected: Try again<br/>Sanity test finished!!</div></td></tr></table><p class="totop"><a href="#summary">back to summary</a></p>
</body>
</html>
