<?xml version="1.0" encoding="UTF-8"?>
<testng-results skipped="0" failed="0" ignored="0" total="2" passed="2">
  <reporter-output>
    <line>
      <![CDATA[Suite starts]]>
    </line>
    <line>
      <![CDATA[Method start]]>
    </line>
    <line>
      <![CDATA[Test is running on chrome]]>
    </line>
    <line>
      <![CDATA[Start game!!]]>
    </line>
    <line>
      <![CDATA[find locaator: By.id: startB]]>
    </line>
    <line>
      <![CDATA[end click]]>
    </line>
    <line>
      <![CDATA[text expected: Please type here your question]]>
    </line>
    <line>
      <![CDATA[text expected:  question number: 1]]>
    </line>
    <line>
      <![CDATA[enter question 1 with A]]>
    </line>
    <line>
      <![CDATA[Enter first question]]>
    </line>
    <line>
      <![CDATA[find locaator: By.xpath: /html/body/div[1]/header/img]]>
    </line>
    <line>
      <![CDATA[end click]]>
    </line>
    <line>
      <![CDATA[find locaator: By.id: nextquest]]>
    </line>
    <line>
      <![CDATA[end click]]>
    </line>
    <line>
      <![CDATA[text expected: Please enter 4 possible answers and Mark the right one! ]]>
    </line>
    <line>
      <![CDATA[text expected:  question number: 1]]>
    </line>
    <line>
      <![CDATA[find locaator: By.xpath: /html/body/div[1]/header/img]]>
    </line>
    <line>
      <![CDATA[end click]]>
    </line>
    <line>
      <![CDATA[find locaator: By.xpath: /html/body/div[1]/header/img]]>
    </line>
    <line>
      <![CDATA[end click]]>
    </line>
    <line>
      <![CDATA[find locaator: By.xpath: /html/body/div[1]/header/img]]>
    </line>
    <line>
      <![CDATA[end click]]>
    </line>
    <line>
      <![CDATA[find locaator: By.xpath: /html/body/div[1]/header/img]]>
    </line>
    <line>
      <![CDATA[end click]]>
    </line>
    <line>
      <![CDATA[find locaator: By.id: nextquest]]>
    </line>
    <line>
      <![CDATA[end click]]>
    </line>
    <line>
      <![CDATA[text expected: Please type here your question]]>
    </line>
    <line>
      <![CDATA[text expected:  question number: 2]]>
    </line>
    <line>
      <![CDATA[enter question 2 with B]]>
    </line>
    <line>
      <![CDATA[Enter first question]]>
    </line>
    <line>
      <![CDATA[find locaator: By.xpath: /html/body/div[1]/header/img]]>
    </line>
    <line>
      <![CDATA[end click]]>
    </line>
    <line>
      <![CDATA[find locaator: By.id: nextquest]]>
    </line>
    <line>
      <![CDATA[end click]]>
    </line>
    <line>
      <![CDATA[text expected: Please enter 4 possible answers and Mark the right one! ]]>
    </line>
    <line>
      <![CDATA[text expected:  question number: 2]]>
    </line>
    <line>
      <![CDATA[find locaator: By.xpath: /html/body/div[1]/header/img]]>
    </line>
    <line>
      <![CDATA[end click]]>
    </line>
    <line>
      <![CDATA[find locaator: By.xpath: /html/body/div[1]/header/img]]>
    </line>
    <line>
      <![CDATA[end click]]>
    </line>
    <line>
      <![CDATA[find locaator: By.xpath: /html/body/div[1]/header/img]]>
    </line>
    <line>
      <![CDATA[end click]]>
    </line>
    <line>
      <![CDATA[find locaator: By.xpath: /html/body/div[1]/header/img]]>
    </line>
    <line>
      <![CDATA[end click]]>
    </line>
    <line>
      <![CDATA[find locaator: By.id: nextquest]]>
    </line>
    <line>
      <![CDATA[end click]]>
    </line>
    <line>
      <![CDATA[text expected: Please type here your question]]>
    </line>
    <line>
      <![CDATA[text expected:  question number: 3]]>
    </line>
    <line>
      <![CDATA[enter question 3 with C]]>
    </line>
    <line>
      <![CDATA[Enter first question]]>
    </line>
    <line>
      <![CDATA[find locaator: By.xpath: /html/body/div[1]/header/img]]>
    </line>
    <line>
      <![CDATA[end click]]>
    </line>
    <line>
      <![CDATA[find locaator: By.id: nextquest]]>
    </line>
    <line>
      <![CDATA[end click]]>
    </line>
    <line>
      <![CDATA[text expected: Please enter 4 possible answers and Mark the right one! ]]>
    </line>
    <line>
      <![CDATA[text expected:  question number: 3]]>
    </line>
    <line>
      <![CDATA[find locaator: By.xpath: /html/body/div[1]/header/img]]>
    </line>
    <line>
      <![CDATA[end click]]>
    </line>
    <line>
      <![CDATA[find locaator: By.xpath: /html/body/div[1]/header/img]]>
    </line>
    <line>
      <![CDATA[end click]]>
    </line>
    <line>
      <![CDATA[find locaator: By.xpath: /html/body/div[1]/header/img]]>
    </line>
    <line>
      <![CDATA[end click]]>
    </line>
    <line>
      <![CDATA[find locaator: By.xpath: /html/body/div[1]/header/img]]>
    </line>
    <line>
      <![CDATA[end click]]>
    </line>
    <line>
      <![CDATA[find locaator: By.id: nextquest]]>
    </line>
    <line>
      <![CDATA[end click]]>
    </line>
    <line>
      <![CDATA[text expected: You finished to build the test - lets play!!]]>
    </line>
    <line>
      <![CDATA[find locaator: By.xpath: //*[@id="secondepage"]/center/button[1]]]>
    </line>
    <line>
      <![CDATA[end click]]>
    </line>
    <line>
      <![CDATA[Let us play!!]]>
    </line>
    <line>
      <![CDATA[text expected: Test]]>
    </line>
    <line>
      <![CDATA[Answer checked on line: 1]]>
    </line>
    <line>
      <![CDATA[find locaator: By.id: btnnext]]>
    </line>
    <line>
      <![CDATA[end click]]>
    </line>
    <line>
      <![CDATA[text expected: Test]]>
    </line>
    <line>
      <![CDATA[Answer checked on line: 1]]>
    </line>
    <line>
      <![CDATA[find locaator: By.id: btnnext]]>
    </line>
    <line>
      <![CDATA[end click]]>
    </line>
    <line>
      <![CDATA[text expected: Test]]>
    </line>
    <line>
      <![CDATA[Answer checked on line: 1]]>
    </line>
    <line>
      <![CDATA[find locaator: By.id: btnnext]]>
    </line>
    <line>
      <![CDATA[end click]]>
    </line>
    <line>
      <![CDATA[text expected: Try again]]>
    </line>
    <line>
      <![CDATA[Sanity test finished!!]]>
    </line>
    <line>
      <![CDATA[End of Method]]>
    </line>
    <line>
      <![CDATA[Method start]]>
    </line>
    <line>
      <![CDATA[Test is running on firefox]]>
    </line>
    <line>
      <![CDATA[Start game!!]]>
    </line>
    <line>
      <![CDATA[find locaator: By.id: startB]]>
    </line>
    <line>
      <![CDATA[end click]]>
    </line>
    <line>
      <![CDATA[text expected: Please type here your question]]>
    </line>
    <line>
      <![CDATA[text expected:  question number: 1]]>
    </line>
    <line>
      <![CDATA[enter question 1 with A]]>
    </line>
    <line>
      <![CDATA[Enter first question]]>
    </line>
    <line>
      <![CDATA[find locaator: By.xpath: /html/body/div[1]/header/img]]>
    </line>
    <line>
      <![CDATA[end click]]>
    </line>
    <line>
      <![CDATA[find locaator: By.id: nextquest]]>
    </line>
    <line>
      <![CDATA[end click]]>
    </line>
    <line>
      <![CDATA[text expected: Please enter 4 possible answers and Mark the right one! ]]>
    </line>
    <line>
      <![CDATA[text expected:  question number: 1]]>
    </line>
    <line>
      <![CDATA[find locaator: By.xpath: /html/body/div[1]/header/img]]>
    </line>
    <line>
      <![CDATA[end click]]>
    </line>
    <line>
      <![CDATA[find locaator: By.xpath: /html/body/div[1]/header/img]]>
    </line>
    <line>
      <![CDATA[end click]]>
    </line>
    <line>
      <![CDATA[find locaator: By.xpath: /html/body/div[1]/header/img]]>
    </line>
    <line>
      <![CDATA[end click]]>
    </line>
    <line>
      <![CDATA[find locaator: By.xpath: /html/body/div[1]/header/img]]>
    </line>
    <line>
      <![CDATA[end click]]>
    </line>
    <line>
      <![CDATA[find locaator: By.id: nextquest]]>
    </line>
    <line>
      <![CDATA[end click]]>
    </line>
    <line>
      <![CDATA[text expected: Please type here your question]]>
    </line>
    <line>
      <![CDATA[text expected:  question number: 2]]>
    </line>
    <line>
      <![CDATA[enter question 2 with B]]>
    </line>
    <line>
      <![CDATA[Enter first question]]>
    </line>
    <line>
      <![CDATA[find locaator: By.xpath: /html/body/div[1]/header/img]]>
    </line>
    <line>
      <![CDATA[end click]]>
    </line>
    <line>
      <![CDATA[find locaator: By.id: nextquest]]>
    </line>
    <line>
      <![CDATA[end click]]>
    </line>
    <line>
      <![CDATA[text expected: Please enter 4 possible answers and Mark the right one! ]]>
    </line>
    <line>
      <![CDATA[text expected:  question number: 2]]>
    </line>
    <line>
      <![CDATA[find locaator: By.xpath: /html/body/div[1]/header/img]]>
    </line>
    <line>
      <![CDATA[end click]]>
    </line>
    <line>
      <![CDATA[find locaator: By.xpath: /html/body/div[1]/header/img]]>
    </line>
    <line>
      <![CDATA[end click]]>
    </line>
    <line>
      <![CDATA[find locaator: By.xpath: /html/body/div[1]/header/img]]>
    </line>
    <line>
      <![CDATA[end click]]>
    </line>
    <line>
      <![CDATA[find locaator: By.xpath: /html/body/div[1]/header/img]]>
    </line>
    <line>
      <![CDATA[end click]]>
    </line>
    <line>
      <![CDATA[find locaator: By.id: nextquest]]>
    </line>
    <line>
      <![CDATA[end click]]>
    </line>
    <line>
      <![CDATA[text expected: Please type here your question]]>
    </line>
    <line>
      <![CDATA[text expected:  question number: 3]]>
    </line>
    <line>
      <![CDATA[enter question 3 with C]]>
    </line>
    <line>
      <![CDATA[Enter first question]]>
    </line>
    <line>
      <![CDATA[find locaator: By.xpath: /html/body/div[1]/header/img]]>
    </line>
    <line>
      <![CDATA[end click]]>
    </line>
    <line>
      <![CDATA[find locaator: By.id: nextquest]]>
    </line>
    <line>
      <![CDATA[end click]]>
    </line>
    <line>
      <![CDATA[text expected: Please enter 4 possible answers and Mark the right one! ]]>
    </line>
    <line>
      <![CDATA[text expected:  question number: 3]]>
    </line>
    <line>
      <![CDATA[find locaator: By.xpath: /html/body/div[1]/header/img]]>
    </line>
    <line>
      <![CDATA[end click]]>
    </line>
    <line>
      <![CDATA[find locaator: By.xpath: /html/body/div[1]/header/img]]>
    </line>
    <line>
      <![CDATA[end click]]>
    </line>
    <line>
      <![CDATA[find locaator: By.xpath: /html/body/div[1]/header/img]]>
    </line>
    <line>
      <![CDATA[end click]]>
    </line>
    <line>
      <![CDATA[find locaator: By.xpath: /html/body/div[1]/header/img]]>
    </line>
    <line>
      <![CDATA[end click]]>
    </line>
    <line>
      <![CDATA[find locaator: By.id: nextquest]]>
    </line>
    <line>
      <![CDATA[end click]]>
    </line>
    <line>
      <![CDATA[text expected: You finished to build the test - lets play!!]]>
    </line>
    <line>
      <![CDATA[find locaator: By.xpath: //*[@id="secondepage"]/center/button[1]]]>
    </line>
    <line>
      <![CDATA[end click]]>
    </line>
    <line>
      <![CDATA[Let us play!!]]>
    </line>
    <line>
      <![CDATA[text expected: Test]]>
    </line>
    <line>
      <![CDATA[Answer checked on line: 1]]>
    </line>
    <line>
      <![CDATA[find locaator: By.id: btnnext]]>
    </line>
    <line>
      <![CDATA[end click]]>
    </line>
    <line>
      <![CDATA[text expected: Test]]>
    </line>
    <line>
      <![CDATA[Answer checked on line: 1]]>
    </line>
    <line>
      <![CDATA[find locaator: By.id: btnnext]]>
    </line>
    <line>
      <![CDATA[end click]]>
    </line>
    <line>
      <![CDATA[text expected: Test]]>
    </line>
    <line>
      <![CDATA[Answer checked on line: 1]]>
    </line>
    <line>
      <![CDATA[find locaator: By.id: btnnext]]>
    </line>
    <line>
      <![CDATA[end click]]>
    </line>
    <line>
      <![CDATA[text expected: Try again]]>
    </line>
    <line>
      <![CDATA[Sanity test finished!!]]>
    </line>
    <line>
      <![CDATA[End of Method]]>
    </line>
    <line>
      <![CDATA[Suite finished!!]]>
    </line>
  </reporter-output>
  <suite name="Suite" duration-ms="132954" started-at="2019-08-13T10:30:59Z" finished-at="2019-08-13T10:33:12Z">
    <groups>
    </groups>
    <test name="CromeTest" duration-ms="63531" started-at="2019-08-13T10:30:59Z" finished-at="2019-08-13T10:32:02Z">
      <class name="tests.SanityTest">
        <test-method status="PASS" signature="beforeMethod(java.lang.String)[pri:0, instance:tests.SanityTest@482f8f11]" name="beforeMethod" is-config="true" duration-ms="2846" started-at="2019-08-13T10:30:59Z" finished-at="2019-08-13T10:31:02Z">
          <params>
            <param index="0">
              <value>
                <![CDATA[chrome]]>
              </value>
            </param>
          </params>
          <reporter-output>
            <line>
              <![CDATA[Method start]]>
            </line>
            <line>
              <![CDATA[Test is running on chrome]]>
            </line>
          </reporter-output>
        </test-method> <!-- beforeMethod -->
        <test-method status="PASS" signature="sanityTest()[pri:0, instance:tests.SanityTest@482f8f11]" name="sanityTest" duration-ms="58028" started-at="2019-08-13T10:31:02Z" finished-at="2019-08-13T10:32:00Z">
          <reporter-output>
            <line>
              <![CDATA[Start game!!]]>
            </line>
            <line>
              <![CDATA[find locaator: By.id: startB]]>
            </line>
            <line>
              <![CDATA[end click]]>
            </line>
            <line>
              <![CDATA[text expected: Please type here your question]]>
            </line>
            <line>
              <![CDATA[text expected:  question number: 1]]>
            </line>
            <line>
              <![CDATA[enter question 1 with A]]>
            </line>
            <line>
              <![CDATA[Enter first question]]>
            </line>
            <line>
              <![CDATA[find locaator: By.xpath: /html/body/div[1]/header/img]]>
            </line>
            <line>
              <![CDATA[end click]]>
            </line>
            <line>
              <![CDATA[find locaator: By.id: nextquest]]>
            </line>
            <line>
              <![CDATA[end click]]>
            </line>
            <line>
              <![CDATA[text expected: Please enter 4 possible answers and Mark the right one! ]]>
            </line>
            <line>
              <![CDATA[text expected:  question number: 1]]>
            </line>
            <line>
              <![CDATA[find locaator: By.xpath: /html/body/div[1]/header/img]]>
            </line>
            <line>
              <![CDATA[end click]]>
            </line>
            <line>
              <![CDATA[find locaator: By.xpath: /html/body/div[1]/header/img]]>
            </line>
            <line>
              <![CDATA[end click]]>
            </line>
            <line>
              <![CDATA[find locaator: By.xpath: /html/body/div[1]/header/img]]>
            </line>
            <line>
              <![CDATA[end click]]>
            </line>
            <line>
              <![CDATA[find locaator: By.xpath: /html/body/div[1]/header/img]]>
            </line>
            <line>
              <![CDATA[end click]]>
            </line>
            <line>
              <![CDATA[find locaator: By.id: nextquest]]>
            </line>
            <line>
              <![CDATA[end click]]>
            </line>
            <line>
              <![CDATA[text expected: Please type here your question]]>
            </line>
            <line>
              <![CDATA[text expected:  question number: 2]]>
            </line>
            <line>
              <![CDATA[enter question 2 with B]]>
            </line>
            <line>
              <![CDATA[Enter first question]]>
            </line>
            <line>
              <![CDATA[find locaator: By.xpath: /html/body/div[1]/header/img]]>
            </line>
            <line>
              <![CDATA[end click]]>
            </line>
            <line>
              <![CDATA[find locaator: By.id: nextquest]]>
            </line>
            <line>
              <![CDATA[end click]]>
            </line>
            <line>
              <![CDATA[text expected: Please enter 4 possible answers and Mark the right one! ]]>
            </line>
            <line>
              <![CDATA[text expected:  question number: 2]]>
            </line>
            <line>
              <![CDATA[find locaator: By.xpath: /html/body/div[1]/header/img]]>
            </line>
            <line>
              <![CDATA[end click]]>
            </line>
            <line>
              <![CDATA[find locaator: By.xpath: /html/body/div[1]/header/img]]>
            </line>
            <line>
              <![CDATA[end click]]>
            </line>
            <line>
              <![CDATA[find locaator: By.xpath: /html/body/div[1]/header/img]]>
            </line>
            <line>
              <![CDATA[end click]]>
            </line>
            <line>
              <![CDATA[find locaator: By.xpath: /html/body/div[1]/header/img]]>
            </line>
            <line>
              <![CDATA[end click]]>
            </line>
            <line>
              <![CDATA[find locaator: By.id: nextquest]]>
            </line>
            <line>
              <![CDATA[end click]]>
            </line>
            <line>
              <![CDATA[text expected: Please type here your question]]>
            </line>
            <line>
              <![CDATA[text expected:  question number: 3]]>
            </line>
            <line>
              <![CDATA[enter question 3 with C]]>
            </line>
            <line>
              <![CDATA[Enter first question]]>
            </line>
            <line>
              <![CDATA[find locaator: By.xpath: /html/body/div[1]/header/img]]>
            </line>
            <line>
              <![CDATA[end click]]>
            </line>
            <line>
              <![CDATA[find locaator: By.id: nextquest]]>
            </line>
            <line>
              <![CDATA[end click]]>
            </line>
            <line>
              <![CDATA[text expected: Please enter 4 possible answers and Mark the right one! ]]>
            </line>
            <line>
              <![CDATA[text expected:  question number: 3]]>
            </line>
            <line>
              <![CDATA[find locaator: By.xpath: /html/body/div[1]/header/img]]>
            </line>
            <line>
              <![CDATA[end click]]>
            </line>
            <line>
              <![CDATA[find locaator: By.xpath: /html/body/div[1]/header/img]]>
            </line>
            <line>
              <![CDATA[end click]]>
            </line>
            <line>
              <![CDATA[find locaator: By.xpath: /html/body/div[1]/header/img]]>
            </line>
            <line>
              <![CDATA[end click]]>
            </line>
            <line>
              <![CDATA[find locaator: By.xpath: /html/body/div[1]/header/img]]>
            </line>
            <line>
              <![CDATA[end click]]>
            </line>
            <line>
              <![CDATA[find locaator: By.id: nextquest]]>
            </line>
            <line>
              <![CDATA[end click]]>
            </line>
            <line>
              <![CDATA[text expected: You finished to build the test - lets play!!]]>
            </line>
            <line>
              <![CDATA[find locaator: By.xpath: //*[@id="secondepage"]/center/button[1]]]>
            </line>
            <line>
              <![CDATA[end click]]>
            </line>
            <line>
              <![CDATA[Let us play!!]]>
            </line>
            <line>
              <![CDATA[text expected: Test]]>
            </line>
            <line>
              <![CDATA[Answer checked on line: 1]]>
            </line>
            <line>
              <![CDATA[find locaator: By.id: btnnext]]>
            </line>
            <line>
              <![CDATA[end click]]>
            </line>
            <line>
              <![CDATA[text expected: Test]]>
            </line>
            <line>
              <![CDATA[Answer checked on line: 1]]>
            </line>
            <line>
              <![CDATA[find locaator: By.id: btnnext]]>
            </line>
            <line>
              <![CDATA[end click]]>
            </line>
            <line>
              <![CDATA[text expected: Test]]>
            </line>
            <line>
              <![CDATA[Answer checked on line: 1]]>
            </line>
            <line>
              <![CDATA[find locaator: By.id: btnnext]]>
            </line>
            <line>
              <![CDATA[end click]]>
            </line>
            <line>
              <![CDATA[text expected: Try again]]>
            </line>
            <line>
              <![CDATA[Sanity test finished!!]]>
            </line>
          </reporter-output>
        </test-method> <!-- sanityTest -->
        <test-method status="PASS" signature="afterMethod()[pri:0, instance:tests.SanityTest@482f8f11]" name="afterMethod" is-config="true" duration-ms="2641" started-at="2019-08-13T10:32:00Z" finished-at="2019-08-13T10:32:02Z">
          <reporter-output>
            <line>
              <![CDATA[End of Method]]>
            </line>
          </reporter-output>
        </test-method> <!-- afterMethod -->
      </class> <!-- tests.SanityTest -->
    </test> <!-- CromeTest -->
    <test name="FirefoxTest" duration-ms="69377" started-at="2019-08-13T10:32:02Z" finished-at="2019-08-13T10:33:12Z">
      <class name="tests.SanityTest">
        <test-method status="PASS" signature="beforeSuite()[pri:0, instance:tests.SanityTest@27efef64]" name="beforeSuite" is-config="true" duration-ms="7" started-at="2019-08-13T10:30:59Z" finished-at="2019-08-13T10:30:59Z">
          <reporter-output>
            <line>
              <![CDATA[Suite starts]]>
            </line>
          </reporter-output>
        </test-method> <!-- beforeSuite -->
        <test-method status="PASS" signature="beforeMethod(java.lang.String)[pri:0, instance:tests.SanityTest@27efef64]" name="beforeMethod" is-config="true" duration-ms="2792" started-at="2019-08-13T10:32:02Z" finished-at="2019-08-13T10:32:05Z">
          <params>
            <param index="0">
              <value>
                <![CDATA[firefox]]>
              </value>
            </param>
          </params>
          <reporter-output>
            <line>
              <![CDATA[Method start]]>
            </line>
            <line>
              <![CDATA[Test is running on firefox]]>
            </line>
          </reporter-output>
        </test-method> <!-- beforeMethod -->
        <test-method status="PASS" signature="sanityTest()[pri:0, instance:tests.SanityTest@27efef64]" name="sanityTest" duration-ms="63771" started-at="2019-08-13T10:32:05Z" finished-at="2019-08-13T10:33:09Z">
          <reporter-output>
            <line>
              <![CDATA[Start game!!]]>
            </line>
            <line>
              <![CDATA[find locaator: By.id: startB]]>
            </line>
            <line>
              <![CDATA[end click]]>
            </line>
            <line>
              <![CDATA[text expected: Please type here your question]]>
            </line>
            <line>
              <![CDATA[text expected:  question number: 1]]>
            </line>
            <line>
              <![CDATA[enter question 1 with A]]>
            </line>
            <line>
              <![CDATA[Enter first question]]>
            </line>
            <line>
              <![CDATA[find locaator: By.xpath: /html/body/div[1]/header/img]]>
            </line>
            <line>
              <![CDATA[end click]]>
            </line>
            <line>
              <![CDATA[find locaator: By.id: nextquest]]>
            </line>
            <line>
              <![CDATA[end click]]>
            </line>
            <line>
              <![CDATA[text expected: Please enter 4 possible answers and Mark the right one! ]]>
            </line>
            <line>
              <![CDATA[text expected:  question number: 1]]>
            </line>
            <line>
              <![CDATA[find locaator: By.xpath: /html/body/div[1]/header/img]]>
            </line>
            <line>
              <![CDATA[end click]]>
            </line>
            <line>
              <![CDATA[find locaator: By.xpath: /html/body/div[1]/header/img]]>
            </line>
            <line>
              <![CDATA[end click]]>
            </line>
            <line>
              <![CDATA[find locaator: By.xpath: /html/body/div[1]/header/img]]>
            </line>
            <line>
              <![CDATA[end click]]>
            </line>
            <line>
              <![CDATA[find locaator: By.xpath: /html/body/div[1]/header/img]]>
            </line>
            <line>
              <![CDATA[end click]]>
            </line>
            <line>
              <![CDATA[find locaator: By.id: nextquest]]>
            </line>
            <line>
              <![CDATA[end click]]>
            </line>
            <line>
              <![CDATA[text expected: Please type here your question]]>
            </line>
            <line>
              <![CDATA[text expected:  question number: 2]]>
            </line>
            <line>
              <![CDATA[enter question 2 with B]]>
            </line>
            <line>
              <![CDATA[Enter first question]]>
            </line>
            <line>
              <![CDATA[find locaator: By.xpath: /html/body/div[1]/header/img]]>
            </line>
            <line>
              <![CDATA[end click]]>
            </line>
            <line>
              <![CDATA[find locaator: By.id: nextquest]]>
            </line>
            <line>
              <![CDATA[end click]]>
            </line>
            <line>
              <![CDATA[text expected: Please enter 4 possible answers and Mark the right one! ]]>
            </line>
            <line>
              <![CDATA[text expected:  question number: 2]]>
            </line>
            <line>
              <![CDATA[find locaator: By.xpath: /html/body/div[1]/header/img]]>
            </line>
            <line>
              <![CDATA[end click]]>
            </line>
            <line>
              <![CDATA[find locaator: By.xpath: /html/body/div[1]/header/img]]>
            </line>
            <line>
              <![CDATA[end click]]>
            </line>
            <line>
              <![CDATA[find locaator: By.xpath: /html/body/div[1]/header/img]]>
            </line>
            <line>
              <![CDATA[end click]]>
            </line>
            <line>
              <![CDATA[find locaator: By.xpath: /html/body/div[1]/header/img]]>
            </line>
            <line>
              <![CDATA[end click]]>
            </line>
            <line>
              <![CDATA[find locaator: By.id: nextquest]]>
            </line>
            <line>
              <![CDATA[end click]]>
            </line>
            <line>
              <![CDATA[text expected: Please type here your question]]>
            </line>
            <line>
              <![CDATA[text expected:  question number: 3]]>
            </line>
            <line>
              <![CDATA[enter question 3 with C]]>
            </line>
            <line>
              <![CDATA[Enter first question]]>
            </line>
            <line>
              <![CDATA[find locaator: By.xpath: /html/body/div[1]/header/img]]>
            </line>
            <line>
              <![CDATA[end click]]>
            </line>
            <line>
              <![CDATA[find locaator: By.id: nextquest]]>
            </line>
            <line>
              <![CDATA[end click]]>
            </line>
            <line>
              <![CDATA[text expected: Please enter 4 possible answers and Mark the right one! ]]>
            </line>
            <line>
              <![CDATA[text expected:  question number: 3]]>
            </line>
            <line>
              <![CDATA[find locaator: By.xpath: /html/body/div[1]/header/img]]>
            </line>
            <line>
              <![CDATA[end click]]>
            </line>
            <line>
              <![CDATA[find locaator: By.xpath: /html/body/div[1]/header/img]]>
            </line>
            <line>
              <![CDATA[end click]]>
            </line>
            <line>
              <![CDATA[find locaator: By.xpath: /html/body/div[1]/header/img]]>
            </line>
            <line>
              <![CDATA[end click]]>
            </line>
            <line>
              <![CDATA[find locaator: By.xpath: /html/body/div[1]/header/img]]>
            </line>
            <line>
              <![CDATA[end click]]>
            </line>
            <line>
              <![CDATA[find locaator: By.id: nextquest]]>
            </line>
            <line>
              <![CDATA[end click]]>
            </line>
            <line>
              <![CDATA[text expected: You finished to build the test - lets play!!]]>
            </line>
            <line>
              <![CDATA[find locaator: By.xpath: //*[@id="secondepage"]/center/button[1]]]>
            </line>
            <line>
              <![CDATA[end click]]>
            </line>
            <line>
              <![CDATA[Let us play!!]]>
            </line>
            <line>
              <![CDATA[text expected: Test]]>
            </line>
            <line>
              <![CDATA[Answer checked on line: 1]]>
            </line>
            <line>
              <![CDATA[find locaator: By.id: btnnext]]>
            </line>
            <line>
              <![CDATA[end click]]>
            </line>
            <line>
              <![CDATA[text expected: Test]]>
            </line>
            <line>
              <![CDATA[Answer checked on line: 1]]>
            </line>
            <line>
              <![CDATA[find locaator: By.id: btnnext]]>
            </line>
            <line>
              <![CDATA[end click]]>
            </line>
            <line>
              <![CDATA[text expected: Test]]>
            </line>
            <line>
              <![CDATA[Answer checked on line: 1]]>
            </line>
            <line>
              <![CDATA[find locaator: By.id: btnnext]]>
            </line>
            <line>
              <![CDATA[end click]]>
            </line>
            <line>
              <![CDATA[text expected: Try again]]>
            </line>
            <line>
              <![CDATA[Sanity test finished!!]]>
            </line>
          </reporter-output>
        </test-method> <!-- sanityTest -->
        <test-method status="PASS" signature="afterMethod()[pri:0, instance:tests.SanityTest@27efef64]" name="afterMethod" is-config="true" duration-ms="2812" started-at="2019-08-13T10:33:09Z" finished-at="2019-08-13T10:33:12Z">
          <reporter-output>
            <line>
              <![CDATA[End of Method]]>
            </line>
          </reporter-output>
        </test-method> <!-- afterMethod -->
        <test-method status="PASS" signature="afterSuite()[pri:0, instance:tests.SanityTest@27efef64]" name="afterSuite" is-config="true" duration-ms="1" started-at="2019-08-13T10:33:12Z" finished-at="2019-08-13T10:33:12Z">
          <reporter-output>
            <line>
              <![CDATA[Suite finished!!]]>
            </line>
          </reporter-output>
        </test-method> <!-- afterSuite -->
      </class> <!-- tests.SanityTest -->
    </test> <!-- FirefoxTest -->
  </suite> <!-- Suite -->
</testng-results>
